Determining if the pthread_create exist failed with the following output:
Change Dir: /home/ji/cartographer_ws/build_isolated/cartographer/install/CMakeFiles/CMakeTmp

Run Build Command:"/usr/bin/ninja" "cmTC_73e07"
[1/2] Building C object CMakeFiles/cmTC_73e07.dir/CheckSymbolExists.c.o
[2/2] Linking C executable cmTC_73e07
FAILED: cmTC_73e07 
: && /usr/bin/cc   -rdynamic CMakeFiles/cmTC_73e07.dir/CheckSymbolExists.c.o  -o cmTC_73e07   && :
CMakeFiles/cmTC_73e07.dir/CheckSymbolExists.c.o: In function `main':
CheckSymbolExists.c:(.text+0x1b): undefined reference to `pthread_create'
collect2: error: ld returned 1 exit status
ninja: build stopped: subcommand failed.

File /home/ji/cartographer_ws/build_isolated/cartographer/install/CMakeFiles/CMakeTmp/CheckSymbolExists.c:
/* */
#include <pthread.h>

int main(int argc, char** argv)
{
  (void)argv;
#ifndef pthread_create
  return ((int*)(&pthread_create))[argc];
#else
  (void)argc;
  return 0;
#endif
}

Determining if the function pthread_create exists in the pthreads failed with the following output:
Change Dir: /home/ji/cartographer_ws/build_isolated/cartographer/install/CMakeFiles/CMakeTmp

Run Build Command:"/usr/bin/ninja" "cmTC_395fd"
[1/2] Building C object CMakeFiles/cmTC_395fd.dir/CheckFunctionExists.c.o
[2/2] Linking C executable cmTC_395fd
FAILED: cmTC_395fd 
: && /usr/bin/cc -DCHECK_FUNCTION_EXISTS=pthread_create  -rdynamic CMakeFiles/cmTC_395fd.dir/CheckFunctionExists.c.o  -o cmTC_395fd  -lpthreads && :
/usr/bin/ld: cannot find -lpthreads
collect2: error: ld returned 1 exit status
ninja: build stopped: subcommand failed.


